<?xml version="1.0" encoding="UTF-8"?>
<!-- Generated by org.testng.reporters.JUnitXMLReporter -->
<testsuite ignored="0" hostname="DESKTOP-22VT4IT" failures="0" tests="4" name="Test" time="46.453" errors="0" timestamp="2022-11-03T09:51:04 IST">
  <testcase classname="Com.Test_Class_Sauce_Demo.TC_04_VerifyProductbuy_SauceDemo" name="checkout" time="1.948"/>
  <testcase classname="Com.Test_Class_Sauce_Demo.TC_02_VerifyAddtoCartFunctionalityof_SauceDemo" name="addtocart" time="0.78"/>
  <testcase classname="Com.Test_Class_Sauce_Demo.TC_03_VerifyAddCartFunctionality_SauceDemo" name="allproduct" time="1.463"/>
  <testcase classname="Com.Test_Class_Sauce_Demo.TC_01_VerifyLoginFunctionality_Using_Assertion" name="saucedemologin" time="0.584"/>
</testsuite> <!-- Test -->
